<?xml version="1.0" encoding="UTF-8"?>
<testsuite name="com.sp.fc.web.MultiChainProxyTest" tests="1" skipped="0" failures="0" errors="0" timestamp="2021-08-24T10:35:39" hostname="yangsungbinui-MacBookPro.local" time="0.603">
  <properties/>
  <testcase name="1. choi:1 로 로그인해서 학생 리스트를 내려받는다." classname="com.sp.fc.web.MultiChainProxyTest" time="0.603"/>
  <system-out><![CDATA[19:35:36.024 [Test worker] DEBUG org.springframework.test.context.BootstrapUtils - Instantiating CacheAwareContextLoaderDelegate from class [org.springframework.test.context.cache.DefaultCacheAwareContextLoaderDelegate]
19:35:36.040 [Test worker] DEBUG org.springframework.test.context.BootstrapUtils - Instantiating BootstrapContext using constructor [public org.springframework.test.context.support.DefaultBootstrapContext(java.lang.Class,org.springframework.test.context.CacheAwareContextLoaderDelegate)]
19:35:36.087 [Test worker] DEBUG org.springframework.test.context.BootstrapUtils - Instantiating TestContextBootstrapper for test class [com.sp.fc.web.MultiChainProxyTest] from class [org.springframework.boot.test.context.SpringBootTestContextBootstrapper]
19:35:36.100 [Test worker] INFO org.springframework.boot.test.context.SpringBootTestContextBootstrapper - Neither @ContextConfiguration nor @ContextHierarchy found for test class [com.sp.fc.web.MultiChainProxyTest], using SpringBootContextLoader
19:35:36.105 [Test worker] DEBUG org.springframework.test.context.support.AbstractContextLoader - Did not detect default resource location for test class [com.sp.fc.web.MultiChainProxyTest]: class path resource [com/sp/fc/web/MultiChainProxyTest-context.xml] does not exist
19:35:36.106 [Test worker] DEBUG org.springframework.test.context.support.AbstractContextLoader - Did not detect default resource location for test class [com.sp.fc.web.MultiChainProxyTest]: class path resource [com/sp/fc/web/MultiChainProxyTestContext.groovy] does not exist
19:35:36.106 [Test worker] INFO org.springframework.test.context.support.AbstractContextLoader - Could not detect default resource locations for test class [com.sp.fc.web.MultiChainProxyTest]: no resource found for suffixes {-context.xml, Context.groovy}.
19:35:36.107 [Test worker] INFO org.springframework.test.context.support.AnnotationConfigContextLoaderUtils - Could not detect default configuration classes for test class [com.sp.fc.web.MultiChainProxyTest]: MultiChainProxyTest does not declare any static, non-private, non-final, nested classes annotated with @Configuration.
19:35:36.161 [Test worker] DEBUG org.springframework.test.context.support.ActiveProfilesUtils - Could not find an 'annotation declaring class' for annotation type [org.springframework.test.context.ActiveProfiles] and class [com.sp.fc.web.MultiChainProxyTest]
19:35:36.235 [Test worker] DEBUG org.springframework.context.annotation.ClassPathScanningCandidateComponentProvider - Identified candidate component class: file [/Users/rovert/Desktop/study/Backend/fastcampus/security/lec1/sp-fastcampus-spring-sec/server/login-multi-chain/build/classes/java/main/com/sp/fc/web/MultiChainProxyApplication.class]
19:35:36.236 [Test worker] INFO org.springframework.boot.test.context.SpringBootTestContextBootstrapper - Found @SpringBootConfiguration com.sp.fc.web.MultiChainProxyApplication for test class com.sp.fc.web.MultiChainProxyTest
19:35:36.316 [Test worker] DEBUG org.springframework.boot.test.context.SpringBootTestContextBootstrapper - @TestExecutionListeners is not present for class [com.sp.fc.web.MultiChainProxyTest]: using defaults.
19:35:36.317 [Test worker] INFO org.springframework.boot.test.context.SpringBootTestContextBootstrapper - Loaded default TestExecutionListener class names from location [META-INF/spring.factories]: [org.springframework.boot.test.autoconfigure.restdocs.RestDocsTestExecutionListener, org.springframework.boot.test.autoconfigure.web.client.MockRestServiceServerResetTestExecutionListener, org.springframework.boot.test.autoconfigure.web.servlet.MockMvcPrintOnlyOnFailureTestExecutionListener, org.springframework.boot.test.autoconfigure.web.servlet.WebDriverTestExecutionListener, org.springframework.boot.test.autoconfigure.webservices.client.MockWebServiceServerTestExecutionListener, org.springframework.boot.test.mock.mockito.MockitoTestExecutionListener, org.springframework.boot.test.mock.mockito.ResetMocksTestExecutionListener, org.springframework.test.context.web.ServletTestExecutionListener, org.springframework.test.context.support.DirtiesContextBeforeModesTestExecutionListener, org.springframework.test.context.support.DependencyInjectionTestExecutionListener, org.springframework.test.context.support.DirtiesContextTestExecutionListener, org.springframework.test.context.transaction.TransactionalTestExecutionListener, org.springframework.test.context.jdbc.SqlScriptsTestExecutionListener, org.springframework.test.context.event.EventPublishingTestExecutionListener]
19:35:36.329 [Test worker] DEBUG org.springframework.boot.test.context.SpringBootTestContextBootstrapper - Skipping candidate TestExecutionListener [org.springframework.test.context.transaction.TransactionalTestExecutionListener] due to a missing dependency. Specify custom listener classes or make the default listener classes and their required dependencies available. Offending class: [org/springframework/transaction/interceptor/TransactionAttributeSource]
19:35:36.329 [Test worker] DEBUG org.springframework.boot.test.context.SpringBootTestContextBootstrapper - Skipping candidate TestExecutionListener [org.springframework.test.context.jdbc.SqlScriptsTestExecutionListener] due to a missing dependency. Specify custom listener classes or make the default listener classes and their required dependencies available. Offending class: [org/springframework/transaction/interceptor/TransactionAttribute]
19:35:36.329 [Test worker] INFO org.springframework.boot.test.context.SpringBootTestContextBootstrapper - Using TestExecutionListeners: [org.springframework.test.context.web.ServletTestExecutionListener@66b7ad2d, org.springframework.test.context.support.DirtiesContextBeforeModesTestExecutionListener@4946ab2a, org.springframework.boot.test.mock.mockito.MockitoTestExecutionListener@e753aa3, org.springframework.boot.test.autoconfigure.SpringBootDependencyInjectionTestExecutionListener@652bbf5, org.springframework.test.context.support.DirtiesContextTestExecutionListener@5dd7b0d7, org.springframework.test.context.event.EventPublishingTestExecutionListener@21b44fbc, org.springframework.boot.test.autoconfigure.restdocs.RestDocsTestExecutionListener@6b3d90b, org.springframework.boot.test.autoconfigure.web.client.MockRestServiceServerResetTestExecutionListener@152d473b, org.springframework.boot.test.autoconfigure.web.servlet.MockMvcPrintOnlyOnFailureTestExecutionListener@751c1c41, org.springframework.boot.test.autoconfigure.web.servlet.WebDriverTestExecutionListener@76d674f1, org.springframework.boot.test.autoconfigure.webservices.client.MockWebServiceServerTestExecutionListener@6e3580a1, org.springframework.boot.test.mock.mockito.ResetMocksTestExecutionListener@115e16c3]
19:35:36.334 [Test worker] DEBUG org.springframework.test.context.support.AbstractDirtiesContextTestExecutionListener - Before test class: context [DefaultTestContext@76c82363 testClass = MultiChainProxyTest, testInstance = [null], testMethod = [null], testException = [null], mergedContextConfiguration = [WebMergedContextConfiguration@2e4822ea testClass = MultiChainProxyTest, locations = '{}', classes = '{class com.sp.fc.web.MultiChainProxyApplication}', contextInitializerClasses = '[]', activeProfiles = '{}', propertySourceLocations = '{}', propertySourceProperties = '{org.springframework.boot.test.context.SpringBootTestContextBootstrapper=true, server.port=0}', contextCustomizers = set[org.springframework.boot.test.autoconfigure.actuate.metrics.MetricsExportContextCustomizerFactory$DisableMetricExportContextCustomizer@5ef36a4f, org.springframework.boot.test.autoconfigure.properties.PropertyMappingContextCustomizer@0, org.springframework.boot.test.autoconfigure.web.servlet.WebDriverContextCustomizerFactory$Customizer@327362a2, org.springframework.boot.test.context.filter.ExcludeFilterContextCustomizer@353b44a2, org.springframework.boot.test.json.DuplicateJsonObjectContextCustomizerFactory$DuplicateJsonObjectContextCustomizer@398d344e, org.springframework.boot.test.mock.mockito.MockitoContextCustomizer@0, org.springframework.boot.test.web.client.TestRestTemplateContextCustomizer@1085c823, org.springframework.boot.test.context.SpringBootTestArgs@1, org.springframework.boot.test.context.SpringBootTestWebEnvironment@1582e933], resourceBasePath = 'src/main/webapp', contextLoader = 'org.springframework.boot.test.context.SpringBootContextLoader', parent = [null]], attributes = map['org.springframework.test.context.web.ServletTestExecutionListener.activateListener' -> false]], class annotated with @DirtiesContext [false] with mode [null].
19:35:36.519 [Test worker] DEBUG org.springframework.test.context.support.DependencyInjectionTestExecutionListener - Performing dependency injection for test context [[DefaultTestContext@76c82363 testClass = MultiChainProxyTest, testInstance = com.sp.fc.web.MultiChainProxyTest@55b863bb, testMethod = [null], testException = [null], mergedContextConfiguration = [WebMergedContextConfiguration@2e4822ea testClass = MultiChainProxyTest, locations = '{}', classes = '{class com.sp.fc.web.MultiChainProxyApplication}', contextInitializerClasses = '[]', activeProfiles = '{}', propertySourceLocations = '{}', propertySourceProperties = '{org.springframework.boot.test.context.SpringBootTestContextBootstrapper=true, server.port=0}', contextCustomizers = set[org.springframework.boot.test.autoconfigure.actuate.metrics.MetricsExportContextCustomizerFactory$DisableMetricExportContextCustomizer@5ef36a4f, org.springframework.boot.test.autoconfigure.properties.PropertyMappingContextCustomizer@0, org.springframework.boot.test.autoconfigure.web.servlet.WebDriverContextCustomizerFactory$Customizer@327362a2, org.springframework.boot.test.context.filter.ExcludeFilterContextCustomizer@353b44a2, org.springframework.boot.test.json.DuplicateJsonObjectContextCustomizerFactory$DuplicateJsonObjectContextCustomizer@398d344e, org.springframework.boot.test.mock.mockito.MockitoContextCustomizer@0, org.springframework.boot.test.web.client.TestRestTemplateContextCustomizer@1085c823, org.springframework.boot.test.context.SpringBootTestArgs@1, org.springframework.boot.test.context.SpringBootTestWebEnvironment@1582e933], resourceBasePath = 'src/main/webapp', contextLoader = 'org.springframework.boot.test.context.SpringBootContextLoader', parent = [null]], attributes = map['org.springframework.test.context.web.ServletTestExecutionListener.activateListener' -> false]]].
19:35:36.540 [Test worker] DEBUG org.springframework.test.context.support.TestPropertySourceUtils - Adding inlined properties to environment: {spring.jmx.enabled=false, org.springframework.boot.test.context.SpringBootTestContextBootstrapper=true, server.port=0}

  .   ____          _            __ _ _
 /\\ / ___'_ __ _ _(_)_ __  __ _ \ \ \ \
( ( )\___ | '_ | '_| | '_ \/ _` | \ \ \ \
 \\/  ___)| |_)| | | | | || (_| |  ) ) ) )
  '  |____| .__|_| |_|_| |_\__, | / / / /
 =========|_|==============|___/=/_/_/_/
 :: Spring Boot ::                (v2.4.1)

2021-08-24 19:35:36.812  INFO 14730 --- [    Test worker] com.sp.fc.web.MultiChainProxyTest        : Starting MultiChainProxyTest using Java 15.0.2 on yangsungbinui-MacBookPro.local with PID 14730 (started by rovert in /Users/rovert/Desktop/study/Backend/fastcampus/security/lec1/sp-fastcampus-spring-sec/server/login-multi-chain)
2021-08-24 19:35:36.814  INFO 14730 --- [    Test worker] com.sp.fc.web.MultiChainProxyTest        : No active profile set, falling back to default profiles: default
2021-08-24 19:35:37.963  INFO 14730 --- [    Test worker] o.s.b.w.embedded.tomcat.TomcatWebServer  : Tomcat initialized with port(s): 0 (http)
2021-08-24 19:35:37.974  INFO 14730 --- [    Test worker] o.apache.catalina.core.StandardService   : Starting service [Tomcat]
2021-08-24 19:35:37.975  INFO 14730 --- [    Test worker] org.apache.catalina.core.StandardEngine  : Starting Servlet engine: [Apache Tomcat/9.0.41]
2021-08-24 19:35:38.052  INFO 14730 --- [    Test worker] o.a.c.c.C.[Tomcat].[localhost].[/]       : Initializing Spring embedded WebApplicationContext
2021-08-24 19:35:38.052  INFO 14730 --- [    Test worker] w.s.c.ServletWebServerApplicationContext : Root WebApplicationContext: initialization completed in 1020 ms
2021-08-24 19:35:38.370  INFO 14730 --- [    Test worker] o.s.s.web.DefaultSecurityFilterChain     : Will secure org.springframework.boot.autoconfigure.security.servlet.StaticResourceRequest$StaticResourceRequestMatcher@66bbf160 with []
2021-08-24 19:35:38.475  INFO 14730 --- [    Test worker] o.s.s.web.DefaultSecurityFilterChain     : Will secure Ant [pattern='/api/**'] with [org.springframework.security.web.context.request.async.WebAsyncManagerIntegrationFilter@6a717651, org.springframework.security.web.context.SecurityContextPersistenceFilter@6cfefd20, org.springframework.security.web.header.HeaderWriterFilter@542fd7bc, org.springframework.security.web.authentication.logout.LogoutFilter@17b8c818, org.springframework.security.web.authentication.www.BasicAuthenticationFilter@1e5c1b2c, org.springframework.security.web.savedrequest.RequestCacheAwareFilter@3eeccd48, org.springframework.security.web.servletapi.SecurityContextHolderAwareRequestFilter@721c5cac, org.springframework.security.web.authentication.AnonymousAuthenticationFilter@ba991c0, org.springframework.security.web.session.SessionManagementFilter@138ef702, org.springframework.security.web.access.ExceptionTranslationFilter@6bdc9fc5, org.springframework.security.web.access.intercept.FilterSecurityInterceptor@1332f678]
2021-08-24 19:35:38.500  INFO 14730 --- [    Test worker] o.s.s.web.DefaultSecurityFilterChain     : Will secure any request with [org.springframework.security.web.context.request.async.WebAsyncManagerIntegrationFilter@6d311329, org.springframework.security.web.context.SecurityContextPersistenceFilter@7a171e09, org.springframework.security.web.header.HeaderWriterFilter@1cda269a, org.springframework.security.web.csrf.CsrfFilter@7733522, org.springframework.security.web.authentication.logout.LogoutFilter@d98d790, com.sp.fc.web.config.CustomLoginFilter@1c663fee, org.springframework.security.web.authentication.UsernamePasswordAuthenticationFilter@2959e09f, org.springframework.security.web.savedrequest.RequestCacheAwareFilter@eb3e82c, org.springframework.security.web.servletapi.SecurityContextHolderAwareRequestFilter@4310e196, org.springframework.security.web.authentication.AnonymousAuthenticationFilter@44f34dda, org.springframework.security.web.session.SessionManagementFilter@7f5e7feb, org.springframework.security.web.access.ExceptionTranslationFilter@29ed9ce, org.springframework.security.web.access.intercept.FilterSecurityInterceptor@428ee545]
2021-08-24 19:35:38.693  INFO 14730 --- [    Test worker] o.s.s.concurrent.ThreadPoolTaskExecutor  : Initializing ExecutorService 'applicationTaskExecutor'
2021-08-24 19:35:38.785  INFO 14730 --- [    Test worker] o.s.b.a.w.s.WelcomePageHandlerMapping    : Adding welcome page template: index
2021-08-24 19:35:39.015  INFO 14730 --- [    Test worker] o.s.b.w.embedded.tomcat.TomcatWebServer  : Tomcat started on port(s): 51408 (http) with context path ''
2021-08-24 19:35:39.024  INFO 14730 --- [    Test worker] com.sp.fc.web.MultiChainProxyTest        : Started MultiChainProxyTest in 2.48 seconds (JVM running for 3.692)
2021-08-24 19:35:39.493  INFO 14730 --- [o-auto-1-exec-1] o.a.c.c.C.[Tomcat].[localhost].[/]       : Initializing Spring DispatcherServlet 'dispatcherServlet'
2021-08-24 19:35:39.493  INFO 14730 --- [o-auto-1-exec-1] o.s.web.servlet.DispatcherServlet        : Initializing Servlet 'dispatcherServlet'
2021-08-24 19:35:39.494  INFO 14730 --- [o-auto-1-exec-1] o.s.web.servlet.DispatcherServlet        : Completed initialization in 1 ms
[Student(id=hong, username=홍길동, role=null, teacherId=choi), Student(id=kang, username=강아지, role=null, teacherId=choi), Student(id=rang, username=호랑이, role=null, teacherId=choi)]
]]></system-out>
  <system-err><![CDATA[]]></system-err>
</testsuite>
